mode: count
github.com/overseven/go-math-expression-parser/expp/expp.go:47.26,50.29 2 7
github.com/overseven/go-math-expression-parser/expp/expp.go:57.2,57.10 1 7
github.com/overseven/go-math-expression-parser/expp/expp.go:50.29,52.43 2 21
github.com/overseven/go-math-expression-parser/expp/expp.go:52.43,54.4 1 70
github.com/overseven/go-math-expression-parser/expp/expp.go:61.52,63.2 1 6
github.com/overseven/go-math-expression-parser/expp/expp.go:66.34,68.2 1 0
github.com/overseven/go-math-expression-parser/expp/expp.go:71.49,72.48 1 24
github.com/overseven/go-math-expression-parser/expp/expp.go:75.2,78.16 3 24
github.com/overseven/go-math-expression-parser/expp/expp.go:81.2,82.17 2 24
github.com/overseven/go-math-expression-parser/expp/expp.go:72.48,74.3 1 0
github.com/overseven/go-math-expression-parser/expp/expp.go:78.16,80.3 1 0
github.com/overseven/go-math-expression-parser/expp/expp.go:86.37,91.22 4 4
github.com/overseven/go-math-expression-parser/expp/expp.go:95.2,96.19 2 4
github.com/overseven/go-math-expression-parser/expp/expp.go:91.22,93.3 1 6
github.com/overseven/go-math-expression-parser/expp/expp.go:100.69,103.2 2 20
github.com/overseven/go-math-expression-parser/expp/expp.go:106.78,108.16 2 24
github.com/overseven/go-math-expression-parser/expp/expp.go:111.2,112.16 2 24
github.com/overseven/go-math-expression-parser/expp/expp.go:115.2,116.12 2 24
github.com/overseven/go-math-expression-parser/expp/expp.go:119.2,120.20 2 24
github.com/overseven/go-math-expression-parser/expp/expp.go:108.16,110.3 1 0
github.com/overseven/go-math-expression-parser/expp/expp.go:112.16,114.3 1 0
github.com/overseven/go-math-expression-parser/expp/expp.go:116.12,118.3 1 0
github.com/overseven/go-math-expression-parser/expp/expp.go:124.79,126.16 2 2
github.com/overseven/go-math-expression-parser/expp/expp.go:129.2,130.12 2 2
github.com/overseven/go-math-expression-parser/expp/expp.go:133.2,134.20 2 2
github.com/overseven/go-math-expression-parser/expp/expp.go:126.16,128.3 1 0
github.com/overseven/go-math-expression-parser/expp/expp.go:130.12,132.3 1 0
github.com/overseven/go-math-expression-parser/expp/expp.go:138.78,139.17 1 54
github.com/overseven/go-math-expression-parser/expp/expp.go:142.2,142.59 1 54
github.com/overseven/go-math-expression-parser/expp/expp.go:145.2,146.9 2 13
github.com/overseven/go-math-expression-parser/expp/expp.go:149.2,149.17 1 13
github.com/overseven/go-math-expression-parser/expp/expp.go:139.17,141.3 1 0
github.com/overseven/go-math-expression-parser/expp/expp.go:142.59,144.3 1 41
github.com/overseven/go-math-expression-parser/expp/expp.go:146.9,148.3 1 0
github.com/overseven/go-math-expression-parser/expp/expp.go:153.78,155.29 2 11
github.com/overseven/go-math-expression-parser/expp/expp.go:162.2,163.17 2 11
github.com/overseven/go-math-expression-parser/expp/expp.go:155.29,157.17 2 21
github.com/overseven/go-math-expression-parser/expp/expp.go:160.3,160.27 1 21
github.com/overseven/go-math-expression-parser/expp/expp.go:157.17,159.4 1 0
github.com/overseven/go-math-expression-parser/expp/expp.go:167.65,169.24 2 33
github.com/overseven/go-math-expression-parser/expp/expp.go:182.2,182.17 1 31
github.com/overseven/go-math-expression-parser/expp/expp.go:185.2,185.17 1 29
github.com/overseven/go-math-expression-parser/expp/expp.go:169.24,170.12 1 407
github.com/overseven/go-math-expression-parser/expp/expp.go:178.3,178.18 1 70
github.com/overseven/go-math-expression-parser/expp/expp.go:171.12,172.13 1 35
github.com/overseven/go-math-expression-parser/expp/expp.go:173.12,174.13 1 35
github.com/overseven/go-math-expression-parser/expp/expp.go:175.11,176.12 1 337
github.com/overseven/go-math-expression-parser/expp/expp.go:178.18,180.4 1 2
github.com/overseven/go-math-expression-parser/expp/expp.go:182.17,184.3 1 2
github.com/overseven/go-math-expression-parser/expp/expp.go:189.32,191.2 1 0
github.com/overseven/go-math-expression-parser/expp/expp.go:194.32,196.2 1 0
github.com/overseven/go-math-expression-parser/expp/expp.go:199.33,201.2 1 0
github.com/overseven/go-math-expression-parser/expp/expp.go:204.32,206.29 2 0
github.com/overseven/go-math-expression-parser/expp/expp.go:209.2,210.51 2 0
github.com/overseven/go-math-expression-parser/expp/expp.go:206.29,208.3 1 0
github.com/overseven/go-math-expression-parser/expp/funcs.go:40.49,41.20 1 0
github.com/overseven/go-math-expression-parser/expp/funcs.go:44.2,44.21 1 0
github.com/overseven/go-math-expression-parser/expp/funcs.go:41.20,43.3 1 0
github.com/overseven/go-math-expression-parser/expp/funcs.go:46.49,47.20 1 2
github.com/overseven/go-math-expression-parser/expp/funcs.go:50.2,50.22 1 2
github.com/overseven/go-math-expression-parser/expp/funcs.go:47.20,49.3 1 0
github.com/overseven/go-math-expression-parser/expp/funcs.go:53.45,54.20 1 2
github.com/overseven/go-math-expression-parser/expp/funcs.go:57.2,57.17 1 2
github.com/overseven/go-math-expression-parser/expp/funcs.go:60.2,60.32 1 2
github.com/overseven/go-math-expression-parser/expp/funcs.go:54.20,56.3 1 0
github.com/overseven/go-math-expression-parser/expp/funcs.go:57.17,59.3 1 0
github.com/overseven/go-math-expression-parser/expp/funcs.go:63.44,64.20 1 0
github.com/overseven/go-math-expression-parser/expp/funcs.go:67.2,67.31 1 0
github.com/overseven/go-math-expression-parser/expp/funcs.go:64.20,66.3 1 0
github.com/overseven/go-math-expression-parser/expp/funcs.go:70.45,71.20 1 5
github.com/overseven/go-math-expression-parser/expp/funcs.go:74.2,74.31 1 5
github.com/overseven/go-math-expression-parser/expp/funcs.go:71.20,73.3 1 0
github.com/overseven/go-math-expression-parser/expp/funcs.go:77.44,78.20 1 0
github.com/overseven/go-math-expression-parser/expp/funcs.go:81.2,81.20 1 0
github.com/overseven/go-math-expression-parser/expp/funcs.go:85.2,85.31 1 0
github.com/overseven/go-math-expression-parser/expp/funcs.go:78.20,80.3 1 0
github.com/overseven/go-math-expression-parser/expp/funcs.go:81.20,83.3 1 0
github.com/overseven/go-math-expression-parser/expp/funcs.go:88.44,89.20 1 5
github.com/overseven/go-math-expression-parser/expp/funcs.go:92.2,92.40 1 5
github.com/overseven/go-math-expression-parser/expp/funcs.go:89.20,91.3 1 0
github.com/overseven/go-math-expression-parser/expp/funcs.go:95.52,96.20 1 0
github.com/overseven/go-math-expression-parser/expp/funcs.go:99.2,99.20 1 0
github.com/overseven/go-math-expression-parser/expp/funcs.go:102.2,102.50 1 0
github.com/overseven/go-math-expression-parser/expp/funcs.go:96.20,98.3 1 0
github.com/overseven/go-math-expression-parser/expp/funcs.go:99.20,101.3 1 0
github.com/overseven/go-math-expression-parser/expp/funcs.go:105.44,106.20 1 12
github.com/overseven/go-math-expression-parser/expp/funcs.go:109.2,109.31 1 12
github.com/overseven/go-math-expression-parser/expp/funcs.go:106.20,108.3 1 0
github.com/overseven/go-math-expression-parser/expp/funcs.go:112.44,113.20 1 2
github.com/overseven/go-math-expression-parser/expp/funcs.go:116.2,116.31 1 2
github.com/overseven/go-math-expression-parser/expp/funcs.go:113.20,115.3 1 0
github.com/overseven/go-math-expression-parser/expp/internal.go:9.39,13.2 3 24
github.com/overseven/go-math-expression-parser/expp/internal.go:15.56,18.2 2 4
github.com/overseven/go-math-expression-parser/expp/internal.go:20.57,22.2 1 0
github.com/overseven/go-math-expression-parser/expp/internal.go:24.56,25.17 1 8
github.com/overseven/go-math-expression-parser/expp/internal.go:28.2,28.57 1 8
github.com/overseven/go-math-expression-parser/expp/internal.go:31.2,31.26 1 6
github.com/overseven/go-math-expression-parser/expp/internal.go:25.17,27.3 1 0
github.com/overseven/go-math-expression-parser/expp/internal.go:28.57,30.3 1 2
github.com/overseven/go-math-expression-parser/expp/internal.go:35.56,36.30 1 1
github.com/overseven/go-math-expression-parser/expp/internal.go:36.30,38.3 1 1
github.com/overseven/go-math-expression-parser/expp/internal.go:41.71,42.37 1 2
github.com/overseven/go-math-expression-parser/expp/internal.go:45.2,45.18 1 0
github.com/overseven/go-math-expression-parser/expp/internal.go:42.37,44.3 1 2
github.com/overseven/go-math-expression-parser/expp/internal.go:48.72,49.26 1 24
github.com/overseven/go-math-expression-parser/expp/internal.go:54.2,54.18 1 0
github.com/overseven/go-math-expression-parser/expp/internal.go:49.26,50.38 1 38
github.com/overseven/go-math-expression-parser/expp/internal.go:50.38,52.4 1 24
github.com/overseven/go-math-expression-parser/expp/internal.go:57.73,60.14 3 82
github.com/overseven/go-math-expression-parser/expp/internal.go:63.2,64.40 2 12
github.com/overseven/go-math-expression-parser/expp/internal.go:68.2,72.39 3 12
github.com/overseven/go-math-expression-parser/expp/internal.go:106.2,106.28 1 12
github.com/overseven/go-math-expression-parser/expp/internal.go:114.2,114.21 1 12
github.com/overseven/go-math-expression-parser/expp/internal.go:60.14,62.3 1 70
github.com/overseven/go-math-expression-parser/expp/internal.go:64.40,66.3 1 0
github.com/overseven/go-math-expression-parser/expp/internal.go:72.39,74.12 2 94
github.com/overseven/go-math-expression-parser/expp/internal.go:75.12,78.12 2 5
github.com/overseven/go-math-expression-parser/expp/internal.go:80.12,82.23 2 17
github.com/overseven/go-math-expression-parser/expp/internal.go:85.4,85.15 1 12
github.com/overseven/go-math-expression-parser/expp/internal.go:87.11,88.17 1 84
github.com/overseven/go-math-expression-parser/expp/internal.go:82.23,83.13 1 5
github.com/overseven/go-math-expression-parser/expp/internal.go:88.17,89.13 1 21
github.com/overseven/go-math-expression-parser/expp/internal.go:91.10,91.42 1 63
github.com/overseven/go-math-expression-parser/expp/internal.go:91.42,96.5 2 22
github.com/overseven/go-math-expression-parser/expp/internal.go:106.28,108.17 2 22
github.com/overseven/go-math-expression-parser/expp/internal.go:111.3,111.31 1 22
github.com/overseven/go-math-expression-parser/expp/internal.go:108.17,110.4 1 0
github.com/overseven/go-math-expression-parser/expp/internal.go:117.52,118.19 1 114
github.com/overseven/go-math-expression-parser/expp/internal.go:121.2,123.62 2 112
github.com/overseven/go-math-expression-parser/expp/internal.go:162.2,162.52 1 82
github.com/overseven/go-math-expression-parser/expp/internal.go:168.2,168.19 1 70
github.com/overseven/go-math-expression-parser/expp/internal.go:186.2,186.49 1 0
github.com/overseven/go-math-expression-parser/expp/internal.go:118.19,120.3 1 2
github.com/overseven/go-math-expression-parser/expp/internal.go:123.62,124.38 1 206
github.com/overseven/go-math-expression-parser/expp/internal.go:124.38,126.16 2 906
github.com/overseven/go-math-expression-parser/expp/internal.go:130.4,130.16 1 830
github.com/overseven/go-math-expression-parser/expp/internal.go:134.4,134.17 1 754
github.com/overseven/go-math-expression-parser/expp/internal.go:137.4,137.58 1 419
github.com/overseven/go-math-expression-parser/expp/internal.go:126.16,128.13 2 76
github.com/overseven/go-math-expression-parser/expp/internal.go:130.16,132.13 2 76
github.com/overseven/go-math-expression-parser/expp/internal.go:134.17,135.13 1 335
github.com/overseven/go-math-expression-parser/expp/internal.go:137.58,138.14 1 30
github.com/overseven/go-math-expression-parser/expp/internal.go:151.5,153.19 3 2
github.com/overseven/go-math-expression-parser/expp/internal.go:156.5,156.40 1 2
github.com/overseven/go-math-expression-parser/expp/internal.go:138.14,142.20 4 28
github.com/overseven/go-math-expression-parser/expp/internal.go:145.6,146.20 2 28
github.com/overseven/go-math-expression-parser/expp/internal.go:149.6,149.46 1 28
github.com/overseven/go-math-expression-parser/expp/internal.go:142.20,144.7 1 0
github.com/overseven/go-math-expression-parser/expp/internal.go:146.20,148.7 1 0
github.com/overseven/go-math-expression-parser/expp/internal.go:153.19,155.6 1 0
github.com/overseven/go-math-expression-parser/expp/internal.go:162.52,164.3 1 0
github.com/overseven/go-math-expression-parser/expp/internal.go:164.8,164.19 1 82
github.com/overseven/go-math-expression-parser/expp/internal.go:164.19,166.3 1 12
github.com/overseven/go-math-expression-parser/expp/internal.go:168.19,169.25 1 10
github.com/overseven/go-math-expression-parser/expp/internal.go:169.25,170.16 1 80
github.com/overseven/go-math-expression-parser/expp/internal.go:174.4,174.16 1 68
github.com/overseven/go-math-expression-parser/expp/internal.go:170.16,172.13 2 12
github.com/overseven/go-math-expression-parser/expp/internal.go:174.16,176.19 2 12
github.com/overseven/go-math-expression-parser/expp/internal.go:180.5,180.13 1 2
github.com/overseven/go-math-expression-parser/expp/internal.go:176.19,179.6 2 10
github.com/overseven/go-math-expression-parser/expp/internal.go:183.8,185.3 1 60
